[main 7fb7456] Automated commit on 2025-07-11 13:30:01
 16 files changed, 256 insertions(+), 2 deletions(-)
 create mode 100644 git_auto_push.log
 create mode 100644 modules/vm/network.tf
 create mode 100644 modules/vm/nsg.tf
 create mode 100644 modules/vm/output.tf
 create mode 100644 modules/vm/provider.tf
 create mode 100644 modules/vm/rg.tf
 create mode 100644 modules/vm/storageaccount.tf
 create mode 100644 modules/vm/variables.tf
 create mode 100644 modules/vm/vm.tf
 create mode 100644 publicmodule/main.tf
 create mode 100644 publicmodule/provider.tf
 create mode 100644 usemodules/main.tf
 create mode 100644 usemodules/provider.tf
To https://github.com/RevathiChowdalla/terraform.git
   29445cd..7fb7456  main -> main
[main d41843e] Automated commit on 2025-07-12 13:30:01
 1 file changed, 17 insertions(+)
To https://github.com/RevathiChowdalla/terraform.git
   7fb7456..d41843e  main -> main
[main 51e614d] Automated commit on 2025-07-14 13:30:01
 1 file changed, 4 insertions(+)
To https://github.com/RevathiChowdalla/terraform.git
   d41843e..51e614d  main -> main
[main 8805ece] Automated commit on 2025-07-15 13:30:01
 1 file changed, 4 insertions(+)
fatal: unable to access 'https://github.com/RevathiChowdalla/terraform.git/': SSL connection timeout
